0 info it worked if it ends with ok
1 verbose cli [ '/usr/local/bin/node', '/usr/local/bin/npm', 'run', 'test' ]
2 info using npm@3.3.6
3 info using node@v5.0.0
4 verbose run-script [ 'pretest', 'test', 'posttest' ]
5 info lifecycle popcubex@1.0.0~pretest: popcubex@1.0.0
6 silly lifecycle popcubex@1.0.0~pretest: no script for pretest, continuing
7 info lifecycle popcubex@1.0.0~test: popcubex@1.0.0
8 verbose lifecycle popcubex@1.0.0~test: unsafe-perm in lifecycle true
9 verbose lifecycle popcubex@1.0.0~test: PATH: /usr/local/lib/node_modules/npm/bin/node-gyp-bin:/Users/ramon/Projects/popcubex/node_modules/.bin:/usr/local/bin:/usr/bin:/bin:/usr/sbin:/sbin:/usr/local/MacGPG2/bin
10 verbose lifecycle popcubex@1.0.0~test: CWD: /Users/ramon/Projects/popcubex
11 silly lifecycle popcubex@1.0.0~test: Args: [ '-c', 'mocha -R spec' ]
12 silly lifecycle popcubex@1.0.0~test: Returned: code: 1  signal: null
13 info lifecycle popcubex@1.0.0~test: Failed to exec test script
14 verbose stack Error: popcubex@1.0.0 test: `mocha -R spec`
14 verbose stack Exit status 1
14 verbose stack     at EventEmitter.<anonymous> (/usr/local/lib/node_modules/npm/lib/utils/lifecycle.js:233:16)
14 verbose stack     at emitTwo (events.js:87:13)
14 verbose stack     at EventEmitter.emit (events.js:172:7)
14 verbose stack     at ChildProcess.<anonymous> (/usr/local/lib/node_modules/npm/lib/utils/spawn.js:24:14)
14 verbose stack     at emitTwo (events.js:87:13)
14 verbose stack     at ChildProcess.emit (events.js:172:7)
14 verbose stack     at maybeClose (internal/child_process.js:818:16)
14 verbose stack     at Process.ChildProcess._handle.onexit (internal/child_process.js:211:5)
15 verbose pkgid popcubex@1.0.0
16 verbose cwd /Users/ramon/Projects/popcubex
17 error Darwin 14.5.0
18 error argv "/usr/local/bin/node" "/usr/local/bin/npm" "run" "test"
19 error node v5.0.0
20 error npm  v3.3.6
21 error code ELIFECYCLE
22 error popcubex@1.0.0 test: `mocha -R spec`
22 error Exit status 1
23 error Failed at the popcubex@1.0.0 test script 'mocha -R spec'.
23 error This is most likely a problem with the popcubex package,
23 error not with npm itself.
23 error Tell the author that this fails on your system:
23 error     mocha -R spec
23 error You can get their info via:
23 error     npm owner ls popcubex
23 error There is likely additional logging output above.
24 verbose exit [ 1, true ]
